[debug] [2023-11-02T09:35:29.580Z] ----------------------------------------------------------------------
[debug] [2023-11-02T09:35:29.582Z] Command:       C:\Program Files\nodejs\node.exe C:\Users\jncore_dev\AppData\Roaming\npm\node_modules\firebase-tools\lib\bin\firebase.js init
[debug] [2023-11-02T09:35:29.582Z] CLI Version:   12.8.0
[debug] [2023-11-02T09:35:29.583Z] Platform:      win32
[debug] [2023-11-02T09:35:29.583Z] Node Version:  v16.17.1
[debug] [2023-11-02T09:35:29.584Z] Time:          Thu Nov 02 2023 18:35:29 GMT+0900 (대한민국 표준시)
[debug] [2023-11-02T09:35:29.584Z] ----------------------------------------------------------------------
[debug] 
[debug] [2023-11-02T09:35:29.586Z] >>> [apiv2][query] GET https://firebase-public.firebaseio.com/cli.json [none]
[debug] [2023-11-02T09:35:29.603Z] > command requires scopes: ["email","openid","https://www.googleapis.com/auth/cloudplatformprojects.readonly","https://www.googleapis.com/auth/firebase","https://www.googleapis.com/auth/cloud-platform"]
[debug] [2023-11-02T09:35:29.603Z] > authorizing via signed-in user (kiilovenote@gmail.com)
[info] 
     ######## #### ########  ######## ########     ###     ######  ########
     ##        ##  ##     ## ##       ##     ##  ##   ##  ##       ##
     ######    ##  ########  ######   ########  #########  ######  ######
     ##        ##  ##    ##  ##       ##     ## ##     ##       ## ##
     ##       #### ##     ## ######## ########  ##     ##  ######  ########

You're about to initialize a Firebase project in this directory:

  D:\app2\preed

[debug] [2023-11-02T09:35:30.059Z] <<< [apiv2][status] GET https://firebase-public.firebaseio.com/cli.json 200
[debug] [2023-11-02T09:35:30.059Z] <<< [apiv2][body] GET https://firebase-public.firebaseio.com/cli.json {"cloudBuildErrorAfter":1594252800000,"cloudBuildWarnAfter":1590019200000,"defaultNode10After":1594252800000,"minVersion":"3.0.5","node8DeploysDisabledAfter":1613390400000,"node8RuntimeDisabledAfter":1615809600000,"node8WarnAfter":1600128000000}
